2019-03-22 14:36:30,665 INFO o.a.j.u.JMeterUtils: Setting Locale to zh_CN
2019-03-22 14:36:30,681 INFO o.a.j.JMeter: Loading user properties from: user.properties
2019-03-22 14:36:30,681 INFO o.a.j.JMeter: Loading system properties from: system.properties
2019-03-22 14:36:30,697 INFO o.a.j.JMeter: Copyright (c) 1998-2018 The Apache Software Foundation
2019-03-22 14:36:30,697 INFO o.a.j.JMeter: Version 5.0 r1840935
2019-03-22 14:36:30,697 INFO o.a.j.JMeter: java.version=1.8.0_181
2019-03-22 14:36:30,697 INFO o.a.j.JMeter: java.vm.name=Java HotSpot(TM) 64-Bit Server VM
2019-03-22 14:36:30,697 INFO o.a.j.JMeter: os.name=Windows 7
2019-03-22 14:36:30,697 INFO o.a.j.JMeter: os.arch=amd64
2019-03-22 14:36:30,697 INFO o.a.j.JMeter: os.version=6.1
2019-03-22 14:36:30,697 INFO o.a.j.JMeter: file.encoding=GBK
2019-03-22 14:36:30,697 INFO o.a.j.JMeter: Max memory     =1073741824
2019-03-22 14:36:30,697 INFO o.a.j.JMeter: Available Processors =8
2019-03-22 14:36:30,697 INFO o.a.j.JMeter: Default Locale=English (EN)
2019-03-22 14:36:30,697 INFO o.a.j.JMeter: JMeter  Locale=Chinese (China)
2019-03-22 14:36:30,697 INFO o.a.j.JMeter: JMeterHome=E:\devtool\apache-jmeter-5.0
2019-03-22 14:36:30,697 INFO o.a.j.JMeter: user.dir  =E:\devtool\apache-jmeter-5.0\bin
2019-03-22 14:36:30,697 INFO o.a.j.JMeter: PWD       =E:\devtool\apache-jmeter-5.0\bin
2019-03-22 14:36:30,697 INFO o.a.j.JMeter: IP: 10.36.16.94 Name: WEBSTERCHENKF1 FullName: WEBSTERCHENKF1.webank.com
2019-03-22 14:36:30,697 INFO o.a.j.JMeter: plugin_dependency_paths=../dependencies;../dependencies/lib
2019-03-22 14:36:30,697 INFO o.a.j.JMeter: Adding to loader: ../dependencies
2019-03-22 14:36:30,697 INFO o.a.j.JMeter: Adding to loader: ../dependencies/lib
2019-03-22 14:36:30,743 INFO o.a.j.r.RmiUtils: System property 'java.rmi.server.hostname' is not defined, using localHost address
2019-03-22 14:36:30,743 INFO o.a.j.r.RmiUtils: Local IP address=10.36.16.94
2019-03-22 14:36:31,228 ERROR o.a.j.JMeter: Giving up, as server failed with:
java.rmi.server.ExportException: Listen failed on port: 0; nested exception is: 
	java.io.FileNotFoundException: rmi_keystore.jks (系统找不到指定的文件。)
	at sun.rmi.transport.tcp.TCPTransport.listen(Unknown Source) ~[?:1.8.0_181]
	at sun.rmi.transport.tcp.TCPTransport.exportObject(Unknown Source) ~[?:1.8.0_181]
	at sun.rmi.transport.tcp.TCPEndpoint.exportObject(Unknown Source) ~[?:1.8.0_181]
	at sun.rmi.transport.LiveRef.exportObject(Unknown Source) ~[?:1.8.0_181]
	at sun.rmi.server.UnicastServerRef.exportObject(Unknown Source) ~[?:1.8.0_181]
	at java.rmi.server.UnicastRemoteObject.exportObject(Unknown Source) ~[?:1.8.0_181]
	at java.rmi.server.UnicastRemoteObject.exportObject(Unknown Source) ~[?:1.8.0_181]
	at java.rmi.server.UnicastRemoteObject.<init>(Unknown Source) ~[?:1.8.0_181]
	at org.apache.jmeter.engine.RemoteJMeterEngineImpl.<init>(RemoteJMeterEngineImpl.java:66) ~[ApacheJMeter_core.jar:5.0 r1840935]
	at org.apache.jmeter.engine.RemoteJMeterEngineImpl.startServer(RemoteJMeterEngineImpl.java:72) ~[ApacheJMeter_core.jar:5.0 r1840935]
	at org.apache.jmeter.JMeter.start(JMeter.java:513) [ApacheJMeter_core.jar:5.0 r1840935]
	at sun.reflect.NativeMethodAccessorImpl.invoke0(Native Method) ~[?:1.8.0_181]
	at sun.reflect.NativeMethodAccessorImpl.invoke(Unknown Source) ~[?:1.8.0_181]
	at sun.reflect.DelegatingMethodAccessorImpl.invoke(Unknown Source) ~[?:1.8.0_181]
	at java.lang.reflect.Method.invoke(Unknown Source) ~[?:1.8.0_181]
	at org.apache.jmeter.NewDriver.main(NewDriver.java:245) [ApacheJMeter.jar:5.0 r1840935]
Caused by: java.io.FileNotFoundException: rmi_keystore.jks (系统找不到指定的文件。)
	at java.io.FileInputStream.open0(Native Method) ~[?:1.8.0_181]
	at java.io.FileInputStream.open(Unknown Source) ~[?:1.8.0_181]
	at java.io.FileInputStream.<init>(Unknown Source) ~[?:1.8.0_181]
	at java.io.FileInputStream.<init>(Unknown Source) ~[?:1.8.0_181]
	at org.apache.jmeter.rmi.SSLRMIServerSocketFactory.loadStore(SSLRMIServerSocketFactory.java:148) ~[ApacheJMeter_core.jar:5.0 r1840935]
	at org.apache.jmeter.rmi.SSLRMIServerSocketFactory.createServerSocket(SSLRMIServerSocketFactory.java:100) ~[ApacheJMeter_core.jar:5.0 r1840935]
	at sun.rmi.transport.tcp.TCPEndpoint.newServerSocket(Unknown Source) ~[?:1.8.0_181]
	... 16 more
2019-03-22 14:36:31,243 ERROR o.a.j.JMeter: An error occurred: 
java.rmi.server.ExportException: Listen failed on port: 0; nested exception is: 
	java.io.FileNotFoundException: rmi_keystore.jks (系统找不到指定的文件。)
	at sun.rmi.transport.tcp.TCPTransport.listen(Unknown Source) ~[?:1.8.0_181]
	at sun.rmi.transport.tcp.TCPTransport.exportObject(Unknown Source) ~[?:1.8.0_181]
	at sun.rmi.transport.tcp.TCPEndpoint.exportObject(Unknown Source) ~[?:1.8.0_181]
	at sun.rmi.transport.LiveRef.exportObject(Unknown Source) ~[?:1.8.0_181]
	at sun.rmi.server.UnicastServerRef.exportObject(Unknown Source) ~[?:1.8.0_181]
	at java.rmi.server.UnicastRemoteObject.exportObject(Unknown Source) ~[?:1.8.0_181]
	at java.rmi.server.UnicastRemoteObject.exportObject(Unknown Source) ~[?:1.8.0_181]
	at java.rmi.server.UnicastRemoteObject.<init>(Unknown Source) ~[?:1.8.0_181]
	at org.apache.jmeter.engine.RemoteJMeterEngineImpl.<init>(RemoteJMeterEngineImpl.java:66) ~[ApacheJMeter_core.jar:5.0 r1840935]
	at org.apache.jmeter.engine.RemoteJMeterEngineImpl.startServer(RemoteJMeterEngineImpl.java:72) ~[ApacheJMeter_core.jar:5.0 r1840935]
	at org.apache.jmeter.JMeter.start(JMeter.java:513) [ApacheJMeter_core.jar:5.0 r1840935]
	at sun.reflect.NativeMethodAccessorImpl.invoke0(Native Method) ~[?:1.8.0_181]
	at sun.reflect.NativeMethodAccessorImpl.invoke(Unknown Source) ~[?:1.8.0_181]
	at sun.reflect.DelegatingMethodAccessorImpl.invoke(Unknown Source) ~[?:1.8.0_181]
	at java.lang.reflect.Method.invoke(Unknown Source) ~[?:1.8.0_181]
	at org.apache.jmeter.NewDriver.main(NewDriver.java:245) [ApacheJMeter.jar:5.0 r1840935]
Caused by: java.io.FileNotFoundException: rmi_keystore.jks (系统找不到指定的文件。)
	at java.io.FileInputStream.open0(Native Method) ~[?:1.8.0_181]
	at java.io.FileInputStream.open(Unknown Source) ~[?:1.8.0_181]
	at java.io.FileInputStream.<init>(Unknown Source) ~[?:1.8.0_181]
	at java.io.FileInputStream.<init>(Unknown Source) ~[?:1.8.0_181]
	at org.apache.jmeter.rmi.SSLRMIServerSocketFactory.loadStore(SSLRMIServerSocketFactory.java:148) ~[ApacheJMeter_core.jar:5.0 r1840935]
	at org.apache.jmeter.rmi.SSLRMIServerSocketFactory.createServerSocket(SSLRMIServerSocketFactory.java:100) ~[ApacheJMeter_core.jar:5.0 r1840935]
	at sun.rmi.transport.tcp.TCPEndpoint.newServerSocket(Unknown Source) ~[?:1.8.0_181]
	... 16 more
